This file contains any messages produced by compilers while
running configure, to aid debugging if configure makes a mistake.

It was created by The Glorious Glasgow Haskell Compilation System configure 7.10.2, which was
generated by GNU Autoconf 2.69.  Invocation command line was

  $ ./configure --prefix=/usr/local/ghc-7.10.2

## --------- ##
## Platform. ##
## --------- ##

hostname = imamurahideaki-no-MacBook-Air.local
uname -m = x86_64
uname -r = 15.4.0
uname -s = Darwin
uname -v = Darwin Kernel Version 15.4.0: Fri Feb 26 22:08:05 PST 2016; root:xnu-3248.40.184~3/RELEASE_X86_64

/usr/bin/uname -p = i386
/bin/uname -X     = unknown

/bin/arch              = unknown
/usr/bin/arch -k       = unknown
/usr/convex/getsysinfo = unknown
/usr/bin/hostinfo      = Mach kernel version:
	 Darwin Kernel Version 15.4.0: Fri Feb 26 22:08:05 PST 2016; root:xnu-3248.40.184~3/RELEASE_X86_64
Kernel configured for up to 4 processors.
2 processors are physically available.
4 processors are logically available.
Processor type: x86_64h (Intel x86-64h Haswell)
Processors active: 0 1 2 3
Primary memory available: 4.00 gigabytes
Default processor set: 240 tasks, 951 threads, 4 processors
Load average: 1.08, Mach factor: 2.91
/bin/machine           = unknown
/usr/bin/oslevel       = unknown
/bin/universe          = unknown

PATH: /sw/bin
PATH: /sw/sbin
PATH: /anaconda/bin
PATH: /Library/Frameworks/Python.framework/Versions/3.5/bin
PATH: /usr/local/bin
PATH: /usr/bin
PATH: /bin
PATH: /usr/sbin
PATH: /sbin
PATH: /opt/X11/bin


## ----------- ##
## Core tests. ##
## ----------- ##

configure:2186: checking for path to top of build tree
configure:2207: result: /Users/forute/Documents/Academy/3S/funcpro/10-161003/reversi-hs/ghc-7.10.2
configure:2897: checking for perl
configure:2915: found /usr/bin/perl
configure:2927: result: /usr/bin/perl
configure:2986: checking for a BSD-compatible install
configure:3054: result: /usr/bin/install -c
configure:3068: checking whether ln -s works
configure:3072: result: yes
configure:3084: checking for gsed
configure:3115: result: sed
configure:3127: checking XCode version
configure:3138: result: 7.3.1
configure:3142: XCode version component 1: 7
configure:3144: XCode version component 2: 3
configure:3300: checking for gcc
configure:3318: found /usr/bin/gcc
configure:3330: result: /usr/bin/gcc
configure:3653: checking for llc-3.5
configure:3686: result: no
configure:3769: checking for llc
configure:3802: result: no
configure:3859: checking  is version 3.5
configure:3865: result: no
configure:3900: checking for opt-3.5
configure:3933: result: no
configure:4016: checking for opt
configure:4049: result: no
configure:4106: checking  is version 3.5
configure:4112: result: no
configure:4146: checking for ld
configure:4164: found /usr/bin/ld
configure:4176: result: /usr/bin/ld
configure:4414: checking for gcc
configure:4441: result: /usr/bin/gcc
configure:4670: checking for C compiler version
configure:4679: /usr/bin/gcc --version >&5
Apple LLVM version 7.3.0 (clang-703.0.31)
Target: x86_64-apple-darwin15.4.0
Thread model: posix
InstalledDir: /Applications/Xcode.app/Contents/Developer/Toolchains/XcodeDefault.xctoolchain/usr/bin
Configured with: --prefix=/Applications/Xcode.app/Contents/Developer/usr --with-gxx-include-dir=/usr/include/c++/4.2.1
configure:4690: $? = 0
configure:4679: /usr/bin/gcc -v >&5
Configured with: --prefix=/Applications/Xcode.app/Contents/Developer/usr --with-gxx-include-dir=/usr/include/c++/4.2.1
Apple LLVM version 7.3.0 (clang-703.0.31)
Target: x86_64-apple-darwin15.4.0
Thread model: posix
InstalledDir: /Applications/Xcode.app/Contents/Developer/Toolchains/XcodeDefault.xctoolchain/usr/bin
configure:4690: $? = 0
configure:4679: /usr/bin/gcc -V >&5
clang: error: argument to '-V' is missing (expected 1 value)
clang: error: no input files
configure:4690: $? = 1
configure:4679: /usr/bin/gcc -qversion >&5
clang: error: unknown argument: '-qversion'
clang: error: no input files
configure:4690: $? = 1
configure:4710: checking whether the C compiler works
configure:4732: /usr/bin/gcc    conftest.c  >&5
configure:4736: $? = 0
configure:4784: result: yes
configure:4787: checking for C compiler default output file name
configure:4789: result: a.out
configure:4795: checking for suffix of executables
configure:4802: /usr/bin/gcc -o conftest    conftest.c  >&5
configure:4806: $? = 0
configure:4828: result: 
configure:4850: checking whether we are cross compiling
configure:4858: /usr/bin/gcc -o conftest    conftest.c  >&5
configure:4862: $? = 0
configure:4869: ./conftest
configure:4873: $? = 0
configure:4888: result: no
configure:4893: checking for suffix of object files
configure:4915: /usr/bin/gcc -c   conftest.c >&5
configure:4919: $? = 0
configure:4940: result: o
configure:4944: checking whether we are using the GNU C compiler
configure:4963: /usr/bin/gcc -c   conftest.c >&5
configure:4963: $? = 0
configure:4972: result: yes
configure:4981: checking whether /usr/bin/gcc accepts -g
configure:5001: /usr/bin/gcc -c -g  conftest.c >&5
configure:5001: $? = 0
configure:5042: result: yes
configure:5059: checking for /usr/bin/gcc option to accept ISO C89
configure:5122: /usr/bin/gcc  -c -g -O2  conftest.c >&5
configure:5122: $? = 0
configure:5135: result: none needed
configure:5162: checking version of gcc
configure:5243: result: 7.3.0
configure:5255: checking how to run the C preprocessor
configure:5286: /usr/bin/gcc -E  conftest.c
configure:5286: $? = 0
configure:5300: /usr/bin/gcc -E  conftest.c
conftest.c:9:10: fatal error: 'ac_nonexistent.h' file not found
#include <ac_nonexistent.h>
         ^
1 error generated.
configure:5300: $? = 1
configure: failed program was:
| /* confdefs.h */
| #define PACKAGE_NAME "The Glorious Glasgow Haskell Compilation System"
| #define PACKAGE_TARNAME "ghc"
| #define PACKAGE_VERSION "7.10.2"
| #define PACKAGE_STRING "The Glorious Glasgow Haskell Compilation System 7.10.2"
| #define PACKAGE_BUGREPORT "glasgow-haskell-bugs@haskell.org"
| #define PACKAGE_URL ""
| /* end confdefs.h.  */
| #include <ac_nonexistent.h>
configure:5325: result: /usr/bin/gcc -E
configure:5345: /usr/bin/gcc -E  conftest.c
configure:5345: $? = 0
configure:5359: /usr/bin/gcc -E  conftest.c
conftest.c:9:10: fatal error: 'ac_nonexistent.h' file not found
#include <ac_nonexistent.h>
         ^
1 error generated.
configure:5359: $? = 1
configure: failed program was:
| /* confdefs.h */
| #define PACKAGE_NAME "The Glorious Glasgow Haskell Compilation System"
| #define PACKAGE_TARNAME "ghc"
| #define PACKAGE_VERSION "7.10.2"
| #define PACKAGE_STRING "The Glorious Glasgow Haskell Compilation System 7.10.2"
| #define PACKAGE_BUGREPORT "glasgow-haskell-bugs@haskell.org"
| #define PACKAGE_URL ""
| /* end confdefs.h.  */
| #include <ac_nonexistent.h>
configure:5389: checking whether ld is GNU ld
configure:5400: result: no
configure:5406: checking whether ld understands --build-id
configure:5420: result: no
configure:5430: checking whether ld understands -no_compact_unwind
configure:5444: result: yes
configure:5454: checking whether ld understands -filelist
configure:5475: result: yes
configure:5488: checking for extra options to pass gcc when compiling via C
configure:5519: result:  -fwrapv
configure:5526: checking Setting up CFLAGS, LDFLAGS, IGNORE_LINKER_LD_FLAGS and CPPFLAGS
configure:5594: result: done
configure:5598: checking Setting up CONF_CC_OPTS_STAGE0, CONF_GCC_LINKER_OPTS_STAGE0, CONF_LD_LINKER_OPTS_STAGE0 and CONF_CPP_OPTS_STAGE0
configure:5666: result: done
configure:5670: checking Setting up CONF_CC_OPTS_STAGE1, CONF_GCC_LINKER_OPTS_STAGE1, CONF_LD_LINKER_OPTS_STAGE1 and CONF_CPP_OPTS_STAGE1
configure:5738: result: done
configure:5743: checking Setting up CONF_CC_OPTS_STAGE2, CONF_GCC_LINKER_OPTS_STAGE2, CONF_LD_LINKER_OPTS_STAGE2 and CONF_CPP_OPTS_STAGE2
configure:5811: result: done
configure:6086: checking for .subsections_via_symbols
configure:6099: /usr/bin/gcc -c -g -O2 -m64 -fno-stack-protector  -m64 conftest.c >&5
configure:6099: $? = 0
configure:6100: result: yes
configure:6115: checking whether your assembler supports .ident directive
configure:6121: /usr/bin/gcc -c -g -O2 -m64 -fno-stack-protector  -m64 conftest.c >&5
configure:6121: $? = 0
configure:6122: result: yes
configure:6135: checking for GNU non-executable stack support
configure:6148: /usr/bin/gcc -c   -m64 conftest.c >&5
conftest.c:14:1: warning: expression result unused [-Wunused-value]
0
^
<inline asm>:1:19: error: unexpected token in '.section' directive
.section .note.GNU-stack,"",@progbits
                  ^
1 warning and 1 error generated.
configure:6148: $? = 1
configure: failed program was:
| /* confdefs.h */
| #define PACKAGE_NAME "The Glorious Glasgow Haskell Compilation System"
| #define PACKAGE_TARNAME "ghc"
| #define PACKAGE_VERSION "7.10.2"
| #define PACKAGE_STRING "The Glorious Glasgow Haskell Compilation System 7.10.2"
| #define PACKAGE_BUGREPORT "glasgow-haskell-bugs@haskell.org"
| #define PACKAGE_URL ""
| #define HAVE_SUBSECTIONS_VIA_SYMBOLS 1
| /* end confdefs.h.  */
| __asm__ (".section .note.GNU-stack,\"\",@progbits");
| int
| main ()
| {
| 0
|   ;
|   return 0;
| }
configure:6153: result: no
configure:6180: checking for grep that handles long lines and -e
configure:6238: result: /usr/bin/grep
configure:6243: checking for egrep
configure:6305: result: /usr/bin/grep -E
configure:6310: checking for ANSI C header files
configure:6330: /usr/bin/gcc -c -g -O2 -m64 -fno-stack-protector  -m64 conftest.c >&5
configure:6330: $? = 0
configure:6403: /usr/bin/gcc -o conftest -g -O2 -m64 -fno-stack-protector  -m64  -m64 conftest.c  >&5
configure:6403: $? = 0
configure:6403: ./conftest
configure:6403: $? = 0
configure:6414: result: yes
configure:6427: checking for sys/types.h
configure:6427: /usr/bin/gcc -c -g -O2 -m64 -fno-stack-protector  -m64 conftest.c >&5
configure:6427: $? = 0
configure:6427: result: yes
configure:6427: checking for sys/stat.h
configure:6427: /usr/bin/gcc -c -g -O2 -m64 -fno-stack-protector  -m64 conftest.c >&5
configure:6427: $? = 0
configure:6427: result: yes
configure:6427: checking for stdlib.h
configure:6427: /usr/bin/gcc -c -g -O2 -m64 -fno-stack-protector  -m64 conftest.c >&5
configure:6427: $? = 0
configure:6427: result: yes
configure:6427: checking for string.h
configure:6427: /usr/bin/gcc -c -g -O2 -m64 -fno-stack-protector  -m64 conftest.c >&5
configure:6427: $? = 0
configure:6427: result: yes
configure:6427: checking for memory.h
configure:6427: /usr/bin/gcc -c -g -O2 -m64 -fno-stack-protector  -m64 conftest.c >&5
configure:6427: $? = 0
configure:6427: result: yes
configure:6427: checking for strings.h
configure:6427: /usr/bin/gcc -c -g -O2 -m64 -fno-stack-protector  -m64 conftest.c >&5
configure:6427: $? = 0
configure:6427: result: yes
configure:6427: checking for inttypes.h
configure:6427: /usr/bin/gcc -c -g -O2 -m64 -fno-stack-protector  -m64 conftest.c >&5
configure:6427: $? = 0
configure:6427: result: yes
configure:6427: checking for stdint.h
configure:6427: /usr/bin/gcc -c -g -O2 -m64 -fno-stack-protector  -m64 conftest.c >&5
configure:6427: $? = 0
configure:6427: result: yes
configure:6427: checking for unistd.h
configure:6427: /usr/bin/gcc -c -g -O2 -m64 -fno-stack-protector  -m64 conftest.c >&5
configure:6427: $? = 0
configure:6427: result: yes
configure:6443: checking size of void *
configure:6448: /usr/bin/gcc -o conftest -g -O2 -m64 -fno-stack-protector  -m64  -m64 conftest.c  >&5
configure:6448: $? = 0
configure:6448: ./conftest
configure:6448: $? = 0
configure:6462: result: 8
configure:6480: checking for ar
configure:6498: found /usr/bin/ar
configure:6510: result: /usr/bin/ar
configure:6534: checking whether /usr/bin/ar is GNU ar
configure:6545: result: no
configure:6552: checking for ar arguments
configure:6578: result: clqs
configure:6589: checking whether /usr/bin/ar supports @file
configure:6609: result: no
configure:6663: checking for ranlib
configure:6679: found /usr/bin/ranlib
configure:6690: result: ranlib
configure:6961: creating ./config.status

## ---------------------- ##
## Running config.status. ##
## ---------------------- ##

This file was extended by The Glorious Glasgow Haskell Compilation System config.status 7.10.2, which was
generated by GNU Autoconf 2.69.  Invocation command line was

  CONFIG_FILES    = 
  CONFIG_HEADERS  = 
  CONFIG_LINKS    = 
  CONFIG_COMMANDS = 
  $ ./config.status 

on imamurahideaki-no-MacBook-Air.local

config.status:818: creating settings
config.status:818: creating mk/config.mk
config.status:818: creating mk/install.mk

## ---------------- ##
## Cache variables. ##
## ---------------- ##

ac_cv_c_compiler_gnu=yes
ac_cv_env_CC_set=
ac_cv_env_CC_value=
ac_cv_env_CFLAGS_set=
ac_cv_env_CFLAGS_value=
ac_cv_env_CPPFLAGS_set=
ac_cv_env_CPPFLAGS_value=
ac_cv_env_CPP_set=
ac_cv_env_CPP_value=
ac_cv_env_LDFLAGS_set=
ac_cv_env_LDFLAGS_value=
ac_cv_env_LIBS_set=
ac_cv_env_LIBS_value=
ac_cv_env_build_alias_set=
ac_cv_env_build_alias_value=
ac_cv_env_host_alias_set=
ac_cv_env_host_alias_value=
ac_cv_env_target_alias_set=
ac_cv_env_target_alias_value=
ac_cv_header_inttypes_h=yes
ac_cv_header_memory_h=yes
ac_cv_header_stdc=yes
ac_cv_header_stdint_h=yes
ac_cv_header_stdlib_h=yes
ac_cv_header_string_h=yes
ac_cv_header_strings_h=yes
ac_cv_header_sys_stat_h=yes
ac_cv_header_sys_types_h=yes
ac_cv_header_unistd_h=yes
ac_cv_objext=o
ac_cv_path_EGREP='/usr/bin/grep -E'
ac_cv_path_GREP=/usr/bin/grep
ac_cv_path_LD=/usr/bin/ld
ac_cv_path_PerlCmd=/usr/bin/perl
ac_cv_path_SedCmd=sed
ac_cv_path_WhatGccIsCalled=/usr/bin/gcc
ac_cv_path_fp_prog_ar=/usr/bin/ar
ac_cv_path_install='/usr/bin/install -c'
ac_cv_prog_CPP='/usr/bin/gcc -E'
ac_cv_prog_ac_ct_CC=/usr/bin/gcc
ac_cv_prog_ac_ct_RANLIB=ranlib
ac_cv_prog_cc_c89=
ac_cv_prog_cc_g=yes
ac_cv_sizeof_void_p=8
fp_cv_gcc_extra_opts=' -fwrapv'
fp_cv_gcc_version=7.3.0
fp_cv_gnu_ld=no
fp_cv_ld_build_id=no
fp_cv_ld_has_filelist=yes
fp_cv_ld_no_compact_unwind=yes
fp_cv_prog_ar_args=clqs
fp_cv_prog_ar_is_gnu=no
fp_cv_prog_ar_needs_ranlib=yes
fp_cv_prog_ar_supports_atfile=no

## ----------------- ##
## Output variables. ##
## ----------------- ##

ArArgs='clqs'
ArCmd='/usr/bin/ar'
ArIsGNUAr='NO'
ArSupportsAtFile='NO'
BuildArch_CPP='x86_64'
BuildOS_CPP='darwin'
BuildPlatform='x86_64-apple-darwin'
BuildPlatform_CPP='x86_64_apple_darwin'
BuildVendor_CPP='apple'
CC='/usr/bin/gcc'
CFLAGS='-g -O2 -m64 -fno-stack-protector'
CONF_CC_OPTS_STAGE0=' -m64 -fno-stack-protector'
CONF_CC_OPTS_STAGE1=' -m64 -fno-stack-protector'
CONF_CC_OPTS_STAGE2=' -m64 -fno-stack-protector'
CONF_CPP_OPTS_STAGE0=' -m64'
CONF_CPP_OPTS_STAGE1=' -m64'
CONF_CPP_OPTS_STAGE2=' -m64'
CONF_GCC_LINKER_OPTS_STAGE0=' -m64'
CONF_GCC_LINKER_OPTS_STAGE1=' -m64'
CONF_GCC_LINKER_OPTS_STAGE2=' -m64'
CONF_LD_LINKER_OPTS_STAGE0=' -arch x86_64'
CONF_LD_LINKER_OPTS_STAGE1=' -arch x86_64'
CONF_LD_LINKER_OPTS_STAGE2=' -arch x86_64'
CPP='/usr/bin/gcc -E'
CPPFLAGS=' -m64'
CrossCompilePrefix=''
CrossCompiling='NO'
DEFS='-DPACKAGE_NAME=\"The\ Glorious\ Glasgow\ Haskell\ Compilation\ System\" -DPACKAGE_TARNAME=\"ghc\" -DPACKAGE_VERSION=\"7.10.2\" -DPACKAGE_STRING=\"The\ Glorious\ Glasgow\ Haskell\ Compilation\ System\ 7.10.2\" -DPACKAGE_BUGREPORT=\"glasgow-haskell-bugs@haskell.org\" -DPACKAGE_URL=\"\" -DHAVE_SUBSECTIONS_VIA_SYMBOLS=1 -DSTDC_HEADERS=1 -DHAVE_SYS_TYPES_H=1 -DHAVE_SYS_STAT_H=1 -DHAVE_STDLIB_H=1 -DHAVE_STRING_H=1 -DHAVE_MEMORY_H=1 -DHAVE_STRINGS_H=1 -DHAVE_INTTYPES_H=1 -DHAVE_STDINT_H=1 -DHAVE_UNISTD_H=1 -DSIZEOF_VOID_P=8'
ECHO_C='\c'
ECHO_N=''
ECHO_T=''
EGREP='/usr/bin/grep -E'
EXEEXT=''
GMP_INCLUDE_DIRS=''
GMP_LIB_DIRS=''
GREP='/usr/bin/grep'
GccExtraViaCOpts=' -fwrapv'
GccLT34='NO'
GccLT46='NO'
GccVersion='7.3.0'
HaskellCPPArgs='-E -undef -traditional -Wno-invalid-pp-token -Wno-unicode -Wno-trigraphs '
HaskellCPPCmd='/usr/bin/gcc'
HaskellHaveGnuNonexecStack='False'
HaskellHaveIdentDirective='True'
HaskellHaveSubsectionsViaSymbols='True'
HaskellTargetArch='ArchX86_64'
HaskellTargetOs='OSDarwin'
HostArch_CPP='x86_64'
HostOS_CPP='darwin'
HostPlatform='x86_64-apple-darwin'
HostPlatform_CPP='x86_64_apple_darwin'
HostVendor_CPP='apple'
INSTALL_DATA='${INSTALL} -m 644'
INSTALL_PROGRAM='${INSTALL}'
INSTALL_SCRIPT='${INSTALL}'
LD='/usr/bin/ld'
LDFLAGS=' -m64'
LD_GOLD=''
LIBOBJS=''
LIBS=''
LLC=''
LN_S='ln -s'
LTLIBOBJS=''
LdCmd='/usr/bin/ld'
LdHasBuildId='NO'
LdHasFilelist='YES'
LdHasNoCompactUnwind='YES'
LdIsGNULd='NO'
LlcCmd=''
OBJEXT='o'
OPT=''
OptCmd=''
PACKAGE_BUGREPORT='glasgow-haskell-bugs@haskell.org'
PACKAGE_NAME='The Glorious Glasgow Haskell Compilation System'
PACKAGE_STRING='The Glorious Glasgow Haskell Compilation System 7.10.2'
PACKAGE_TARNAME='ghc'
PACKAGE_URL=''
PACKAGE_VERSION='7.10.2'
PATH_SEPARATOR=':'
PerlCmd='/usr/bin/perl'
RANLIB='ranlib'
RANLIB_CMD='ranlib'
REAL_RANLIB_CMD='ranlib'
SHELL='/bin/sh'
SedCmd='sed'
SettingsArCommand='/usr/bin/ar'
SettingsCCompilerCommand='/usr/bin/gcc'
SettingsCCompilerFlags=' -m64 -fno-stack-protector'
SettingsCCompilerLinkFlags=' -m64'
SettingsDllWrapCommand='/bin/false'
SettingsHaskellCPPCommand='/usr/bin/gcc'
SettingsHaskellCPPFlags='-E -undef -traditional -Wno-invalid-pp-token -Wno-unicode -Wno-trigraphs '
SettingsLdCommand='/usr/bin/ld'
SettingsLdFlags=' -arch x86_64'
SettingsLibtoolCommand='libtool'
SettingsLlcCommand='llc'
SettingsOptCommand='opt'
SettingsPerlCommand='/usr/bin/perl'
SettingsTouchCommand='touch'
SettingsWindresCommand='/bin/false'
TargetArch_CPP='x86_64'
TargetOS_CPP='darwin'
TargetPlatform='x86_64-apple-darwin'
TargetPlatformFull='x86_64-apple-darwin'
TargetPlatform_CPP='x86_64_apple_darwin'
TargetVendor_CPP='apple'
Unregisterised='NO'
WhatGccIsCalled='/usr/bin/gcc'
WordSize='8'
ac_ct_CC='/usr/bin/gcc'
bindir='${exec_prefix}/bin'
build_alias=''
datadir='${datarootdir}'
datarootdir='${prefix}/share'
docdir='${datarootdir}/doc/${PACKAGE_TARNAME}'
dvidir='${docdir}'
exec_prefix='${prefix}'
exeext_host=''
exeext_target=''
fp_prog_ar='/usr/bin/ar'
hardtop='/Users/forute/Documents/Academy/3S/funcpro/10-161003/reversi-hs/ghc-7.10.2'
host_alias=''
htmldir='${docdir}'
includedir='${prefix}/include'
infodir='${datarootdir}/info'
libdir='${exec_prefix}/lib'
libexecdir='${exec_prefix}/libexec'
localedir='${datarootdir}/locale'
localstatedir='${prefix}/var'
mandir='${datarootdir}/man'
oldincludedir='/usr/include'
pdfdir='${docdir}'
prefix='/usr/local/ghc-7.10.2'
program_transform_name='s,x,x,'
psdir='${docdir}'
sbindir='${exec_prefix}/sbin'
sharedstatedir='${prefix}/com'
soext_host='.dylib'
soext_target='.dylib'
sysconfdir='${prefix}/etc'
target_alias=''

## ----------- ##
## confdefs.h. ##
## ----------- ##

/* confdefs.h */
#define PACKAGE_NAME "The Glorious Glasgow Haskell Compilation System"
#define PACKAGE_TARNAME "ghc"
#define PACKAGE_VERSION "7.10.2"
#define PACKAGE_STRING "The Glorious Glasgow Haskell Compilation System 7.10.2"
#define PACKAGE_BUGREPORT "glasgow-haskell-bugs@haskell.org"
#define PACKAGE_URL ""
#define HAVE_SUBSECTIONS_VIA_SYMBOLS 1
#define STDC_HEADERS 1
#define HAVE_SYS_TYPES_H 1
#define HAVE_SYS_STAT_H 1
#define HAVE_STDLIB_H 1
#define HAVE_STRING_H 1
#define HAVE_MEMORY_H 1
#define HAVE_STRINGS_H 1
#define HAVE_INTTYPES_H 1
#define HAVE_STDINT_H 1
#define HAVE_UNISTD_H 1
#define SIZEOF_VOID_P 8

configure: exit 0
